Analysis & Synthesis report for Mips
Sun Apr 30 21:55:46 2023
Quartus Prime Version 20.1.1 Build 720 11/11/2020 SJ Lite Edition


---------------------
; Table of Contents ;
---------------------
  1. Legal Notice
  2. Analysis & Synthesis Summary
  3. Analysis & Synthesis Settings
  4. Parallel Compilation
  5. Analysis & Synthesis Messages



----------------
; Legal Notice ;
----------------
Copyright (C) 2020  Intel Corporation. All rights reserved.
Your use of Intel Corporation's design tools, logic functions 
and other software and tools, and any partner logic 
functions, and any output files from any of the foregoing 
(including device programming or simulation files), and any 
associated documentation or information are expressly subject 
to the terms and conditions of the Intel Program License 
Subscription Agreement, the Intel Quartus Prime License Agreement,
the Intel FPGA IP License Agreement, or other applicable license
agreement, including, without limitation, that your use is for
the sole purpose of programming logic devices manufactured by
Intel and sold by Intel or its authorized distributors.  Please
refer to the applicable agreement for further details, at
https://fpgasoftware.intel.com/eula.



+----------------------------------------------------------------------------------+
; Analysis & Synthesis Summary                                                     ;
+------------------------------------+---------------------------------------------+
; Analysis & Synthesis Status        ; Failed - Sun Apr 30 21:55:46 2023           ;
; Quartus Prime Version              ; 20.1.1 Build 720 11/11/2020 SJ Lite Edition ;
; Revision Name                      ; Mips                                        ;
; Top-level Entity Name              ; Mips                                        ;
; Family                             ; MAX 10                                      ;
; Total logic elements               ; N/A until Partition Merge                   ;
;     Total combinational functions  ; N/A until Partition Merge                   ;
;     Dedicated logic registers      ; N/A until Partition Merge                   ;
; Total registers                    ; N/A until Partition Merge                   ;
; Total pins                         ; N/A until Partition Merge                   ;
; Total virtual pins                 ; N/A until Partition Merge                   ;
; Total memory bits                  ; N/A until Partition Merge                   ;
; Embedded Multiplier 9-bit elements ; N/A until Partition Merge                   ;
; Total PLLs                         ; N/A until Partition Merge                   ;
; UFM blocks                         ; N/A until Partition Merge                   ;
; ADC blocks                         ; N/A until Partition Merge                   ;
+------------------------------------+---------------------------------------------+


+------------------------------------------------------------------------------------------------------------+
; Analysis & Synthesis Settings                                                                              ;
+------------------------------------------------------------------+--------------------+--------------------+
; Option                                                           ; Setting            ; Default Value      ;
+------------------------------------------------------------------+--------------------+--------------------+
; Device                                                           ; 10M08DAF484C8G     ;                    ;
; Top-level entity name                                            ; Mips               ; Mips               ;
; Family name                                                      ; MAX 10             ; Cyclone V          ;
; Use smart compilation                                            ; Off                ; Off                ;
; Enable parallel Assembler and Timing Analyzer during compilation ; On                 ; On                 ;
; Enable compact report table                                      ; Off                ; Off                ;
; Restructure Multiplexers                                         ; Auto               ; Auto               ;
; Create Debugging Nodes for IP Cores                              ; Off                ; Off                ;
; Preserve fewer node names                                        ; On                 ; On                 ;
; Intel FPGA IP Evaluation Mode                                    ; Enable             ; Enable             ;
; Verilog Version                                                  ; Verilog_2001       ; Verilog_2001       ;
; VHDL Version                                                     ; VHDL_1993          ; VHDL_1993          ;
; State Machine Processing                                         ; Auto               ; Auto               ;
; Safe State Machine                                               ; Off                ; Off                ;
; Extract Verilog State Machines                                   ; On                 ; On                 ;
; Extract VHDL State Machines                                      ; On                 ; On                 ;
; Ignore Verilog initial constructs                                ; Off                ; Off                ;
; Iteration limit for constant Verilog loops                       ; 5000               ; 5000               ;
; Iteration limit for non-constant Verilog loops                   ; 250                ; 250                ;
; Add Pass-Through Logic to Inferred RAMs                          ; On                 ; On                 ;
; Infer RAMs from Raw Logic                                        ; On                 ; On                 ;
; Parallel Synthesis                                               ; On                 ; On                 ;
; DSP Block Balancing                                              ; Auto               ; Auto               ;
; NOT Gate Push-Back                                               ; On                 ; On                 ;
; Power-Up Don't Care                                              ; On                 ; On                 ;
; Remove Redundant Logic Cells                                     ; Off                ; Off                ;
; Remove Duplicate Registers                                       ; On                 ; On                 ;
; Ignore CARRY Buffers                                             ; Off                ; Off                ;
; Ignore CASCADE Buffers                                           ; Off                ; Off                ;
; Ignore GLOBAL Buffers                                            ; Off                ; Off                ;
; Ignore ROW GLOBAL Buffers                                        ; Off                ; Off                ;
; Ignore LCELL Buffers                                             ; Off                ; Off                ;
; Ignore SOFT Buffers                                              ; On                 ; On                 ;
; Limit AHDL Integers to 32 Bits                                   ; Off                ; Off                ;
; Optimization Technique                                           ; Balanced           ; Balanced           ;
; Carry Chain Length                                               ; 70                 ; 70                 ;
; Auto Carry Chains                                                ; On                 ; On                 ;
; Auto Open-Drain Pins                                             ; On                 ; On                 ;
; Perform WYSIWYG Primitive Resynthesis                            ; Off                ; Off                ;
; Auto ROM Replacement                                             ; On                 ; On                 ;
; Auto RAM Replacement                                             ; On                 ; On                 ;
; Auto DSP Block Replacement                                       ; On                 ; On                 ;
; Auto Shift Register Replacement                                  ; Auto               ; Auto               ;
; Allow Shift Register Merging across Hierarchies                  ; Auto               ; Auto               ;
; Auto Clock Enable Replacement                                    ; On                 ; On                 ;
; Strict RAM Replacement                                           ; Off                ; Off                ;
; Allow Synchronous Control Signals                                ; On                 ; On                 ;
; Force Use of Synchronous Clear Signals                           ; Off                ; Off                ;
; Auto RAM Block Balancing                                         ; On                 ; On                 ;
; Auto RAM to Logic Cell Conversion                                ; Off                ; Off                ;
; Auto Resource Sharing                                            ; Off                ; Off                ;
; Allow Any RAM Size For Recognition                               ; Off                ; Off                ;
; Allow Any ROM Size For Recognition                               ; Off                ; Off                ;
; Allow Any Shift Register Size For Recognition                    ; Off                ; Off                ;
; Use LogicLock Constraints during Resource Balancing              ; On                 ; On                 ;
; Ignore translate_off and synthesis_off directives                ; Off                ; Off                ;
; Timing-Driven Synthesis                                          ; On                 ; On                 ;
; Report Parameter Settings                                        ; On                 ; On                 ;
; Report Source Assignments                                        ; On                 ; On                 ;
; Report Connectivity Checks                                       ; On                 ; On                 ;
; Ignore Maximum Fan-Out Assignments                               ; Off                ; Off                ;
; Synchronization Register Chain Length                            ; 2                  ; 2                  ;
; Power Optimization During Synthesis                              ; Normal compilation ; Normal compilation ;
; HDL message level                                                ; Level2             ; Level2             ;
; Suppress Register Optimization Related Messages                  ; Off                ; Off                ;
; Number of Removed Registers Reported in Synthesis Report         ; 5000               ; 5000               ;
; Number of Swept Nodes Reported in Synthesis Report               ; 5000               ; 5000               ;
; Number of Inverted Registers Reported in Synthesis Report        ; 100                ; 100                ;
; Clock MUX Protection                                             ; On                 ; On                 ;
; Auto Gated Clock Conversion                                      ; Off                ; Off                ;
; Block Design Naming                                              ; Auto               ; Auto               ;
; SDC constraint protection                                        ; Off                ; Off                ;
; Synthesis Effort                                                 ; Auto               ; Auto               ;
; Shift Register Replacement - Allow Asynchronous Clear Signal     ; On                 ; On                 ;
; Pre-Mapping Resynthesis Optimization                             ; Off                ; Off                ;
; Analysis & Synthesis Message Level                               ; Medium             ; Medium             ;
; Disable Register Merging Across Hierarchies                      ; Auto               ; Auto               ;
; Resource Aware Inference For Block RAM                           ; On                 ; On                 ;
+------------------------------------------------------------------+--------------------+--------------------+


+------------------------------------------+
; Parallel Compilation                     ;
+----------------------------+-------------+
; Processors                 ; Number      ;
+----------------------------+-------------+
; Number detected on machine ; 16          ;
; Maximum allowed            ; 16          ;
;                            ;             ;
; Average used               ; 1.00        ;
; Maximum used               ; 1           ;
;                            ;             ;
; Usage by Processor         ; % Time Used ;
;     Processor 1            ; 100.0%      ;
+----------------------------+-------------+


+-------------------------------+
; Analysis & Synthesis Messages ;
+-------------------------------+
Info: *******************************************************************
Info: Running Quartus Prime Analysis & Synthesis
    Info: Version 20.1.1 Build 720 11/11/2020 SJ Lite Edition
    Info: Processing started: Sun Apr 30 21:55:39 2023
Info: Command: quartus_map --read_settings_files=on --write_settings_files=off Mips -c Mips
Warning (18236): Number of processors has not been specified which may cause overloading on shared machines.  Set the global assignment NUM_PARALLEL_PROCESSORS in your QSF to an appropriate value for best performance.
Info (20030): Parallel compilation is enabled and will use 16 of the 16 processors detected
Info (12021): Found 2 design units, including 1 entities, in source file testbench.vhd
    Info (12022): Found design unit 1: testbench-test File: C:/Users/leuma/Desktop/MipsJALimplementation/testbench.vhd Line: 7
    Info (12023): Found entity 1: testbench File: C:/Users/leuma/Desktop/MipsJALimplementation/testbench.vhd Line: 4
Info (12021): Found 2 design units, including 1 entities, in source file sl2.vhd
    Info (12022): Found design unit 1: sl2-behave File: C:/Users/leuma/Desktop/MipsJALimplementation/sl2.vhd Line: 8
    Info (12023): Found entity 1: sl2 File: C:/Users/leuma/Desktop/MipsJALimplementation/sl2.vhd Line: 3
Info (12021): Found 2 design units, including 1 entities, in source file signext.vhd
    Info (12022): Found design unit 1: signext-behave File: C:/Users/leuma/Desktop/MipsJALimplementation/signext.vhd Line: 8
    Info (12023): Found entity 1: signext File: C:/Users/leuma/Desktop/MipsJALimplementation/signext.vhd Line: 3
Info (12021): Found 2 design units, including 1 entities, in source file regfile.vhd
    Info (12022): Found design unit 1: regfile-behave File: C:/Users/leuma/Desktop/MipsJALimplementation/regfile.vhd Line: 12
    Info (12023): Found entity 1: regfile File: C:/Users/leuma/Desktop/MipsJALimplementation/regfile.vhd Line: 4
Info (12021): Found 2 design units, including 1 entities, in source file proc_mips.vhd
    Info (12022): Found design unit 1: proc_mips-struct File: C:/Users/leuma/Desktop/MipsJALimplementation/proc_mips.vhd Line: 12
    Info (12023): Found entity 1: proc_mips File: C:/Users/leuma/Desktop/MipsJALimplementation/proc_mips.vhd Line: 3
Info (12021): Found 2 design units, including 1 entities, in source file mux2.vhd
    Info (12022): Found design unit 1: mux2-behave File: C:/Users/leuma/Desktop/MipsJALimplementation/mux2.vhd Line: 10
    Info (12023): Found entity 1: mux2 File: C:/Users/leuma/Desktop/MipsJALimplementation/mux2.vhd Line: 3
Info (12021): Found 2 design units, including 1 entities, in source file mips.vhd
    Info (12022): Found design unit 1: mips-test File: C:/Users/leuma/Desktop/MipsJALimplementation/mips.vhd Line: 10
    Info (12023): Found entity 1: mips File: C:/Users/leuma/Desktop/MipsJALimplementation/mips.vhd Line: 4
Info (12021): Found 2 design units, including 1 entities, in source file maindec.vhd
    Info (12022): Found design unit 1: maindec-behave File: C:/Users/leuma/Desktop/MipsJALimplementation/maindec.vhd Line: 14
    Info (12023): Found entity 1: maindec File: C:/Users/leuma/Desktop/MipsJALimplementation/maindec.vhd Line: 3
Info (12021): Found 2 design units, including 1 entities, in source file imem.vhd
    Info (12022): Found design unit 1: imem-behave File: C:/Users/leuma/Desktop/MipsJALimplementation/imem.vhd Line: 11
    Info (12023): Found entity 1: imem File: C:/Users/leuma/Desktop/MipsJALimplementation/imem.vhd Line: 6
Info (12021): Found 2 design units, including 1 entities, in source file flopr.vhd
    Info (12022): Found design unit 1: flopr-asynchronous File: C:/Users/leuma/Desktop/MipsJALimplementation/flopr.vhd Line: 11
    Info (12023): Found entity 1: flopr File: C:/Users/leuma/Desktop/MipsJALimplementation/flopr.vhd Line: 4
Info (12021): Found 2 design units, including 1 entities, in source file dmem.vhd
    Info (12022): Found design unit 1: dmem-behave File: C:/Users/leuma/Desktop/MipsJALimplementation/dmem.vhd Line: 11
    Info (12023): Found entity 1: dmem File: C:/Users/leuma/Desktop/MipsJALimplementation/dmem.vhd Line: 5
Info (12021): Found 2 design units, including 1 entities, in source file datapath.vhd
    Info (12022): Found design unit 1: datapath-struct File: C:/Users/leuma/Desktop/MipsJALimplementation/datapath.vhd Line: 18
    Info (12023): Found entity 1: datapath File: C:/Users/leuma/Desktop/MipsJALimplementation/datapath.vhd Line: 4
Info (12021): Found 2 design units, including 1 entities, in source file controller.vhd
    Info (12022): Found design unit 1: controller-struct File: C:/Users/leuma/Desktop/MipsJALimplementation/controller.vhd Line: 15
    Info (12023): Found entity 1: controller File: C:/Users/leuma/Desktop/MipsJALimplementation/controller.vhd Line: 2
Info (12021): Found 2 design units, including 1 entities, in source file aludec.vhd
    Info (12022): Found design unit 1: aludec-behave File: C:/Users/leuma/Desktop/MipsJALimplementation/aludec.vhd Line: 9
    Info (12023): Found entity 1: aludec File: C:/Users/leuma/Desktop/MipsJALimplementation/aludec.vhd Line: 3
Info (12021): Found 2 design units, including 1 entities, in source file alu.vhd
    Info (12022): Found design unit 1: alu-behave File: C:/Users/leuma/Desktop/MipsJALimplementation/alu.vhd Line: 11
    Info (12023): Found entity 1: alu File: C:/Users/leuma/Desktop/MipsJALimplementation/alu.vhd Line: 5
Info (12021): Found 2 design units, including 1 entities, in source file adder.vhd
    Info (12022): Found design unit 1: adder-behave File: C:/Users/leuma/Desktop/MipsJALimplementation/adder.vhd Line: 9
    Info (12023): Found entity 1: adder File: C:/Users/leuma/Desktop/MipsJALimplementation/adder.vhd Line: 4
Error (10511): VHDL Qualified Expression error at testbench.vhd(38): CONV_INTEGER type specified in Qualified Expression must match boolean type that is implied for expression by context File: C:/Users/leuma/Desktop/MipsJALimplementation/testbench.vhd Line: 38
Error: Quartus Prime Analysis & Synthesis was unsuccessful. 1 error, 1 warning
    Error: Peak virtual memory: 4775 megabytes
    Error: Processing ended: Sun Apr 30 21:55:46 2023
    Error: Elapsed time: 00:00:07
    Error: Total CPU time (on all processors): 00:00:16


